{"/Users/soumyarajeesh/Desktop/project330/UW-SimpleOnlineStore-project/server.js": {"path":"/Users/soumyarajeesh/Desktop/project330/UW-SimpleOnlineStore-project/server.js","statementMap":{"0":{"start":{"line":1,"column":16},"end":{"line":1,"column":34}},"1":{"start":{"line":2,"column":13},"end":{"line":2,"column":28}},"2":{"start":{"line":3,"column":15},"end":{"line":3,"column":32}},"3":{"start":{"line":4,"column":18},"end":{"line":4,"column":40}},"4":{"start":{"line":7,"column":0},"end":{"line":7,"column":47}},"5":{"start":{"line":10,"column":0},"end":{"line":10,"column":12}},"6":{"start":{"line":13,"column":12},"end":{"line":13,"column":21}},"7":{"start":{"line":16,"column":0},"end":{"line":16,"column":24}},"8":{"start":{"line":19,"column":0},"end":{"line":19,"column":16}},"9":{"start":{"line":22,"column":19},"end":{"line":22,"column":43}},"10":{"start":{"line":23,"column":19},"end":{"line":23,"column":44}},"11":{"start":{"line":24,"column":22},"end":{"line":24,"column":50}},"12":{"start":{"line":25,"column":20},"end":{"line":25,"column":46}},"13":{"start":{"line":29,"column":0},"end":{"line":31,"column":3}},"14":{"start":{"line":30,"column":2},"end":{"line":30,"column":32}},"15":{"start":{"line":34,"column":0},"end":{"line":34,"column":33}},"16":{"start":{"line":35,"column":0},"end":{"line":35,"column":34}},"17":{"start":{"line":36,"column":0},"end":{"line":36,"column":40}},"18":{"start":{"line":37,"column":0},"end":{"line":37,"column":36}},"19":{"start":{"line":40,"column":13},"end":{"line":40,"column":37}},"20":{"start":{"line":42,"column":15},"end":{"line":44,"column":2}},"21":{"start":{"line":43,"column":2},"end":{"line":43,"column":60}},"22":{"start":{"line":46,"column":0},"end":{"line":46,"column":33}}},"fnMap":{"0":{"name":"(anonymous_0)","decl":{"start":{"line":29,"column":13},"end":{"line":29,"column":14}},"loc":{"start":{"line":29,"column":27},"end":{"line":31,"column":1}},"line":29},"1":{"name":"(anonymous_1)","decl":{"start":{"line":42,"column":32},"end":{"line":42,"column":33}},"loc":{"start":{"line":42,"column":38},"end":{"line":44,"column":1}},"line":42}},"branchMap":{"0":{"loc":{"start":{"line":40,"column":13},"end":{"line":40,"column":37}},"type":"binary-expr","locations":[{"start":{"line":40,"column":13},"end":{"line":40,"column":29}},{"start":{"line":40,"column":33},"end":{"line":40,"column":37}}],"line":40}},"s":{"0":4,"1":4,"2":4,"3":4,"4":4,"5":4,"6":4,"7":4,"8":4,"9":4,"10":4,"11":4,"12":4,"13":4,"14":0,"15":4,"16":4,"17":4,"18":4,"19":4,"20":4,"21":1,"22":4},"f":{"0":0,"1":1},"b":{"0":[4,0]},"_coverageSchema":"1a1c01bbd47fc00a2c39e90264f33305004495a9","hash":"38308d0f2018a3efdf9d58d8d121c8421895394e"}
,"/Users/soumyarajeesh/Desktop/project330/UW-SimpleOnlineStore-project/test-utils.js": {"path":"/Users/soumyarajeesh/Desktop/project330/UW-SimpleOnlineStore-project/test-utils.js","statementMap":{"0":{"start":{"line":1,"column":17},"end":{"line":1,"column":36}},"1":{"start":{"line":2,"column":16},"end":{"line":2,"column":35}},"2":{"start":{"line":6,"column":18},"end":{"line":13,"column":1}},"3":{"start":{"line":7,"column":2},"end":{"line":12,"column":3}},"4":{"start":{"line":8,"column":4},"end":{"line":11,"column":7}},"5":{"start":{"line":15,"column":21},"end":{"line":19,"column":1}},"6":{"start":{"line":16,"column":2},"end":{"line":18,"column":3}},"7":{"start":{"line":17,"column":4},"end":{"line":17,"column":32}},"8":{"start":{"line":21,"column":16},"end":{"line":27,"column":1}},"9":{"start":{"line":22,"column":22},"end":{"line":22,"column":53}},"10":{"start":{"line":23,"column":2},"end":{"line":26,"column":3}},"11":{"start":{"line":24,"column":23},"end":{"line":24,"column":39}},"12":{"start":{"line":25,"column":4},"end":{"line":25,"column":36}},"13":{"start":{"line":29,"column":20},"end":{"line":36,"column":1}},"14":{"start":{"line":30,"column":2},"end":{"line":35,"column":5}},"15":{"start":{"line":31,"column":4},"end":{"line":34,"column":7}},"16":{"start":{"line":32,"column":6},"end":{"line":32,"column":41}},"17":{"start":{"line":33,"column":6},"end":{"line":33,"column":22}},"18":{"start":{"line":38,"column":19},"end":{"line":50,"column":1}},"19":{"start":{"line":39,"column":2},"end":{"line":49,"column":5}},"20":{"start":{"line":40,"column":4},"end":{"line":48,"column":5}},"21":{"start":{"line":41,"column":6},"end":{"line":45,"column":9}},"22":{"start":{"line":42,"column":8},"end":{"line":42,"column":36}},"23":{"start":{"line":42,"column":17},"end":{"line":42,"column":36}},"24":{"start":{"line":43,"column":8},"end":{"line":43,"column":43}},"25":{"start":{"line":44,"column":8},"end":{"line":44,"column":18}},"26":{"start":{"line":47,"column":6},"end":{"line":47,"column":16}},"27":{"start":{"line":52,"column":0},"end":{"line":58,"column":2}}},"fnMap":{"0":{"name":"(anonymous_0)","decl":{"start":{"line":6,"column":18},"end":{"line":6,"column":19}},"loc":{"start":{"line":6,"column":30},"end":{"line":13,"column":1}},"line":6},"1":{"name":"(anonymous_1)","decl":{"start":{"line":15,"column":21},"end":{"line":15,"column":22}},"loc":{"start":{"line":15,"column":33},"end":{"line":19,"column":1}},"line":15},"2":{"name":"(anonymous_2)","decl":{"start":{"line":21,"column":16},"end":{"line":21,"column":17}},"loc":{"start":{"line":21,"column":28},"end":{"line":27,"column":1}},"line":21},"3":{"name":"(anonymous_3)","decl":{"start":{"line":29,"column":20},"end":{"line":29,"column":21}},"loc":{"start":{"line":29,"column":26},"end":{"line":36,"column":1}},"line":29},"4":{"name":"(anonymous_4)","decl":{"start":{"line":30,"column":21},"end":{"line":30,"column":22}},"loc":{"start":{"line":30,"column":34},"end":{"line":35,"column":3}},"line":30},"5":{"name":"(anonymous_5)","decl":{"start":{"line":31,"column":27},"end":{"line":31,"column":28}},"loc":{"start":{"line":31,"column":33},"end":{"line":34,"column":5}},"line":31},"6":{"name":"(anonymous_6)","decl":{"start":{"line":38,"column":19},"end":{"line":38,"column":20}},"loc":{"start":{"line":38,"column":25},"end":{"line":50,"column":1}},"line":38},"7":{"name":"(anonymous_7)","decl":{"start":{"line":39,"column":21},"end":{"line":39,"column":22}},"loc":{"start":{"line":39,"column":42},"end":{"line":49,"column":3}},"line":39},"8":{"name":"(anonymous_8)","decl":{"start":{"line":41,"column":19},"end":{"line":41,"column":20}},"loc":{"start":{"line":41,"column":28},"end":{"line":45,"column":7}},"line":41}},"branchMap":{"0":{"loc":{"start":{"line":7,"column":2},"end":{"line":12,"column":3}},"type":"if","locations":[{"start":{"line":7,"column":2},"end":{"line":12,"column":3}},{"start":{},"end":{}}],"line":7},"1":{"loc":{"start":{"line":16,"column":2},"end":{"line":18,"column":3}},"type":"if","locations":[{"start":{"line":16,"column":2},"end":{"line":18,"column":3}},{"start":{},"end":{}}],"line":16},"2":{"loc":{"start":{"line":40,"column":4},"end":{"line":48,"column":5}},"type":"if","locations":[{"start":{"line":40,"column":4},"end":{"line":48,"column":5}},{"start":{"line":46,"column":11},"end":{"line":48,"column":5}}],"line":40},"3":{"loc":{"start":{"line":42,"column":8},"end":{"line":42,"column":36}},"type":"if","locations":[{"start":{"line":42,"column":8},"end":{"line":42,"column":36}},{"start":{},"end":{}}],"line":42}},"s":{"0":4,"1":4,"2":4,"3":4,"4":0,"5":4,"6":4,"7":4,"8":4,"9":30,"10":30,"11":90,"12":90,"13":4,"14":17,"15":17,"16":17,"17":17,"18":4,"19":17,"20":17,"21":17,"22":17,"23":0,"24":17,"25":17,"26":0,"27":4},"f":{"0":4,"1":4,"2":30,"3":17,"4":17,"5":17,"6":17,"7":17,"8":17},"b":{"0":[0,4],"1":[4,0],"2":[17,0],"3":[0,17]},"_coverageSchema":"1a1c01bbd47fc00a2c39e90264f33305004495a9","hash":"4b87d24c541baa4083fdcf701f0bef0062ce157e"}
,"/Users/soumyarajeesh/Desktop/project330/UW-SimpleOnlineStore-project/config/db.js": {"path":"/Users/soumyarajeesh/Desktop/project330/UW-SimpleOnlineStore-project/config/db.js","statementMap":{"0":{"start":{"line":2,"column":17},"end":{"line":2,"column":36}},"1":{"start":{"line":3,"column":15},"end":{"line":3,"column":32}},"2":{"start":{"line":6,"column":0},"end":{"line":6,"column":114}},"3":{"start":{"line":7,"column":0},"end":{"line":7,"column":30}},"4":{"start":{"line":8,"column":0},"end":{"line":8,"column":35}},"5":{"start":{"line":10,"column":18},"end":{"line":19,"column":1}},"6":{"start":{"line":11,"column":2},"end":{"line":18,"column":3}},"7":{"start":{"line":12,"column":4},"end":{"line":12,"column":55}},"8":{"start":{"line":13,"column":4},"end":{"line":13,"column":50}},"9":{"start":{"line":14,"column":4},"end":{"line":14,"column":37}},"10":{"start":{"line":16,"column":4},"end":{"line":16,"column":63}},"11":{"start":{"line":17,"column":4},"end":{"line":17,"column":20}},"12":{"start":{"line":21,"column":0},"end":{"line":21,"column":27}}},"fnMap":{"0":{"name":"(anonymous_0)","decl":{"start":{"line":10,"column":18},"end":{"line":10,"column":19}},"loc":{"start":{"line":10,"column":30},"end":{"line":19,"column":1}},"line":10}},"branchMap":{},"s":{"0":4,"1":4,"2":4,"3":4,"4":4,"5":4,"6":4,"7":4,"8":4,"9":4,"10":0,"11":0,"12":4},"f":{"0":4},"b":{},"_coverageSchema":"1a1c01bbd47fc00a2c39e90264f33305004495a9","hash":"4c378e5020093837faf603b7d2d69d5cf28330dd"}
,"/Users/soumyarajeesh/Desktop/project330/UW-SimpleOnlineStore-project/controllers/authController.js": {"path":"/Users/soumyarajeesh/Desktop/project330/UW-SimpleOnlineStore-project/controllers/authController.js","statementMap":{"0":{"start":{"line":1,"column":13},"end":{"line":1,"column":38}},"1":{"start":{"line":2,"column":12},"end":{"line":2,"column":35}},"2":{"start":{"line":3,"column":15},"end":{"line":3,"column":34}},"3":{"start":{"line":5,"column":22},"end":{"line":9,"column":1}},"4":{"start":{"line":6,"column":2},"end":{"line":8,"column":5}},"5":{"start":{"line":11,"column":0},"end":{"line":27,"column":2}},"6":{"start":{"line":12,"column":36},"end":{"line":12,"column":44}},"7":{"start":{"line":13,"column":2},"end":{"line":26,"column":3}},"8":{"start":{"line":14,"column":23},"end":{"line":14,"column":52}},"9":{"start":{"line":15,"column":4},"end":{"line":17,"column":5}},"10":{"start":{"line":16,"column":6},"end":{"line":16,"column":70}},"11":{"start":{"line":19,"column":27},"end":{"line":19,"column":58}},"12":{"start":{"line":20,"column":17},"end":{"line":20,"column":77}},"13":{"start":{"line":22,"column":18},"end":{"line":22,"column":41}},"14":{"start":{"line":23,"column":4},"end":{"line":23,"column":87}},"15":{"start":{"line":25,"column":4},"end":{"line":25,"column":53}},"16":{"start":{"line":29,"column":0},"end":{"line":42,"column":2}},"17":{"start":{"line":30,"column":30},"end":{"line":30,"column":38}},"18":{"start":{"line":31,"column":2},"end":{"line":41,"column":3}},"19":{"start":{"line":32,"column":17},"end":{"line":32,"column":46}},"20":{"start":{"line":33,"column":4},"end":{"line":38,"column":5}},"21":{"start":{"line":34,"column":20},"end":{"line":34,"column":43}},"22":{"start":{"line":35,"column":6},"end":{"line":35,"column":89}},"23":{"start":{"line":37,"column":6},"end":{"line":37,"column":69}},"24":{"start":{"line":40,"column":4},"end":{"line":40,"column":53}}},"fnMap":{"0":{"name":"(anonymous_0)","decl":{"start":{"line":5,"column":22},"end":{"line":5,"column":23}},"loc":{"start":{"line":5,"column":30},"end":{"line":9,"column":1}},"line":5},"1":{"name":"(anonymous_1)","decl":{"start":{"line":11,"column":23},"end":{"line":11,"column":24}},"loc":{"start":{"line":11,"column":43},"end":{"line":27,"column":1}},"line":11},"2":{"name":"(anonymous_2)","decl":{"start":{"line":29,"column":20},"end":{"line":29,"column":21}},"loc":{"start":{"line":29,"column":40},"end":{"line":42,"column":1}},"line":29}},"branchMap":{"0":{"loc":{"start":{"line":15,"column":4},"end":{"line":17,"column":5}},"type":"if","locations":[{"start":{"line":15,"column":4},"end":{"line":17,"column":5}},{"start":{},"end":{}}],"line":15},"1":{"loc":{"start":{"line":33,"column":4},"end":{"line":38,"column":5}},"type":"if","locations":[{"start":{"line":33,"column":4},"end":{"line":38,"column":5}},{"start":{"line":36,"column":11},"end":{"line":38,"column":5}}],"line":33},"2":{"loc":{"start":{"line":33,"column":8},"end":{"line":33,"column":63}},"type":"binary-expr","locations":[{"start":{"line":33,"column":8},"end":{"line":33,"column":12}},{"start":{"line":33,"column":17},"end":{"line":33,"column":62}}],"line":33}},"s":{"0":4,"1":4,"2":4,"3":4,"4":8,"5":4,"6":1,"7":1,"8":1,"9":1,"10":0,"11":1,"12":1,"13":0,"14":0,"15":1,"16":4,"17":11,"18":11,"19":11,"20":11,"21":8,"22":8,"23":3,"24":0},"f":{"0":8,"1":1,"2":11},"b":{"0":[0,1],"1":[8,3],"2":[11,8]},"_coverageSchema":"1a1c01bbd47fc00a2c39e90264f33305004495a9","hash":"da7bd74c47f539213f5411db9a623bbf047b7e84"}
,"/Users/soumyarajeesh/Desktop/project330/UW-SimpleOnlineStore-project/controllers/orderController.js": {"path":"/Users/soumyarajeesh/Desktop/project330/UW-SimpleOnlineStore-project/controllers/orderController.js","statementMap":{"0":{"start":{"line":1,"column":14},"end":{"line":1,"column":40}},"1":{"start":{"line":4,"column":0},"end":{"line":20,"column":2}},"2":{"start":{"line":5,"column":49},"end":{"line":5,"column":57}},"3":{"start":{"line":7,"column":2},"end":{"line":19,"column":3}},"4":{"start":{"line":8,"column":18},"end":{"line":13,"column":6}},"5":{"start":{"line":15,"column":25},"end":{"line":15,"column":43}},"6":{"start":{"line":16,"column":4},"end":{"line":16,"column":39}},"7":{"start":{"line":18,"column":4},"end":{"line":18,"column":53}},"8":{"start":{"line":23,"column":0},"end":{"line":30,"column":2}},"9":{"start":{"line":24,"column":2},"end":{"line":29,"column":3}},"10":{"start":{"line":25,"column":19},"end":{"line":25,"column":101}},"11":{"start":{"line":26,"column":4},"end":{"line":26,"column":21}},"12":{"start":{"line":28,"column":4},"end":{"line":28,"column":53}},"13":{"start":{"line":33,"column":0},"end":{"line":45,"column":2}},"14":{"start":{"line":34,"column":2},"end":{"line":44,"column":3}},"15":{"start":{"line":35,"column":18},"end":{"line":35,"column":95}},"16":{"start":{"line":37,"column":4},"end":{"line":41,"column":5}},"17":{"start":{"line":38,"column":6},"end":{"line":38,"column":22}},"18":{"start":{"line":40,"column":6},"end":{"line":40,"column":59}},"19":{"start":{"line":43,"column":4},"end":{"line":43,"column":53}},"20":{"start":{"line":48,"column":0},"end":{"line":67,"column":2}},"21":{"start":{"line":49,"column":49},"end":{"line":49,"column":57}},"22":{"start":{"line":51,"column":2},"end":{"line":66,"column":3}},"23":{"start":{"line":52,"column":18},"end":{"line":52,"column":53}},"24":{"start":{"line":54,"column":4},"end":{"line":63,"column":5}},"25":{"start":{"line":55,"column":6},"end":{"line":55,"column":68}},"26":{"start":{"line":56,"column":6},"end":{"line":56,"column":56}},"27":{"start":{"line":57,"column":6},"end":{"line":57,"column":44}},"28":{"start":{"line":59,"column":27},"end":{"line":59,"column":45}},"29":{"start":{"line":60,"column":6},"end":{"line":60,"column":29}},"30":{"start":{"line":62,"column":6},"end":{"line":62,"column":59}},"31":{"start":{"line":65,"column":4},"end":{"line":65,"column":53}},"32":{"start":{"line":68,"column":0},"end":{"line":81,"column":2}},"33":{"start":{"line":69,"column":2},"end":{"line":80,"column":3}},"34":{"start":{"line":70,"column":4},"end":{"line":70,"column":70}},"35":{"start":{"line":71,"column":18},"end":{"line":71,"column":62}},"36":{"start":{"line":72,"column":4},"end":{"line":75,"column":5}},"37":{"start":{"line":73,"column":6},"end":{"line":73,"column":53}},"38":{"start":{"line":74,"column":6},"end":{"line":74,"column":66}},"39":{"start":{"line":76,"column":4},"end":{"line":76,"column":55}},"40":{"start":{"line":78,"column":4},"end":{"line":78,"column":71}},"41":{"start":{"line":79,"column":4},"end":{"line":79,"column":63}},"42":{"start":{"line":84,"column":0},"end":{"line":120,"column":2}},"43":{"start":{"line":85,"column":2},"end":{"line":119,"column":3}},"44":{"start":{"line":86,"column":35},"end":{"line":86,"column":44}},"45":{"start":{"line":87,"column":23},"end":{"line":95,"column":5}},"46":{"start":{"line":97,"column":23},"end":{"line":104,"column":5}},"47":{"start":{"line":106,"column":25},"end":{"line":113,"column":5}},"48":{"start":{"line":115,"column":24},"end":{"line":115,"column":85}},"49":{"start":{"line":116,"column":4},"end":{"line":116,"column":29}},"50":{"start":{"line":118,"column":4},"end":{"line":118,"column":53}}},"fnMap":{"0":{"name":"(anonymous_0)","decl":{"start":{"line":4,"column":22},"end":{"line":4,"column":23}},"loc":{"start":{"line":4,"column":42},"end":{"line":20,"column":1}},"line":4},"1":{"name":"(anonymous_1)","decl":{"start":{"line":23,"column":20},"end":{"line":23,"column":21}},"loc":{"start":{"line":23,"column":40},"end":{"line":30,"column":1}},"line":23},"2":{"name":"(anonymous_2)","decl":{"start":{"line":33,"column":23},"end":{"line":33,"column":24}},"loc":{"start":{"line":33,"column":43},"end":{"line":45,"column":1}},"line":33},"3":{"name":"(anonymous_3)","decl":{"start":{"line":48,"column":22},"end":{"line":48,"column":23}},"loc":{"start":{"line":48,"column":42},"end":{"line":67,"column":1}},"line":48},"4":{"name":"(anonymous_4)","decl":{"start":{"line":68,"column":22},"end":{"line":68,"column":23}},"loc":{"start":{"line":68,"column":42},"end":{"line":81,"column":1}},"line":68},"5":{"name":"(anonymous_5)","decl":{"start":{"line":84,"column":25},"end":{"line":84,"column":26}},"loc":{"start":{"line":84,"column":45},"end":{"line":120,"column":1}},"line":84}},"branchMap":{"0":{"loc":{"start":{"line":37,"column":4},"end":{"line":41,"column":5}},"type":"if","locations":[{"start":{"line":37,"column":4},"end":{"line":41,"column":5}},{"start":{"line":39,"column":11},"end":{"line":41,"column":5}}],"line":37},"1":{"loc":{"start":{"line":37,"column":8},"end":{"line":37,"column":66}},"type":"binary-expr","locations":[{"start":{"line":37,"column":8},"end":{"line":37,"column":13}},{"start":{"line":37,"column":17},"end":{"line":37,"column":66}}],"line":37},"2":{"loc":{"start":{"line":54,"column":4},"end":{"line":63,"column":5}},"type":"if","locations":[{"start":{"line":54,"column":4},"end":{"line":63,"column":5}},{"start":{"line":61,"column":11},"end":{"line":63,"column":5}}],"line":54},"3":{"loc":{"start":{"line":54,"column":8},"end":{"line":54,"column":66}},"type":"binary-expr","locations":[{"start":{"line":54,"column":8},"end":{"line":54,"column":13}},{"start":{"line":54,"column":17},"end":{"line":54,"column":66}}],"line":54},"4":{"loc":{"start":{"line":55,"column":29},"end":{"line":55,"column":67}},"type":"binary-expr","locations":[{"start":{"line":55,"column":29},"end":{"line":55,"column":43}},{"start":{"line":55,"column":47},"end":{"line":55,"column":67}}],"line":55},"5":{"loc":{"start":{"line":56,"column":25},"end":{"line":56,"column":55}},"type":"binary-expr","locations":[{"start":{"line":56,"column":25},"end":{"line":56,"column":35}},{"start":{"line":56,"column":39},"end":{"line":56,"column":55}}],"line":56},"6":{"loc":{"start":{"line":57,"column":21},"end":{"line":57,"column":43}},"type":"binary-expr","locations":[{"start":{"line":57,"column":21},"end":{"line":57,"column":27}},{"start":{"line":57,"column":31},"end":{"line":57,"column":43}}],"line":57},"7":{"loc":{"start":{"line":72,"column":4},"end":{"line":75,"column":5}},"type":"if","locations":[{"start":{"line":72,"column":4},"end":{"line":75,"column":5}},{"start":{},"end":{}}],"line":72}},"s":{"0":4,"1":4,"2":0,"3":0,"4":0,"5":0,"6":0,"7":0,"8":4,"9":0,"10":0,"11":0,"12":0,"13":4,"14":0,"15":0,"16":0,"17":0,"18":0,"19":0,"20":4,"21":1,"22":1,"23":1,"24":1,"25":0,"26":0,"27":0,"28":0,"29":0,"30":0,"31":1,"32":4,"33":1,"34":1,"35":1,"36":1,"37":0,"38":0,"39":1,"40":0,"41":0,"42":4,"43":0,"44":0,"45":0,"46":0,"47":0,"48":0,"49":0,"50":0},"f":{"0":0,"1":0,"2":0,"3":1,"4":1,"5":0},"b":{"0":[0,0],"1":[0,0],"2":[0,0],"3":[1,1],"4":[0,0],"5":[0,0],"6":[0,0],"7":[0,1]},"_coverageSchema":"1a1c01bbd47fc00a2c39e90264f33305004495a9","hash":"35fe0a8d34575b47b3712ac8446e452440720a35"}
,"/Users/soumyarajeesh/Desktop/project330/UW-SimpleOnlineStore-project/controllers/productController.js": {"path":"/Users/soumyarajeesh/Desktop/project330/UW-SimpleOnlineStore-project/controllers/productController.js","statementMap":{"0":{"start":{"line":1,"column":16},"end":{"line":1,"column":44}},"1":{"start":{"line":4,"column":0},"end":{"line":21,"column":2}},"2":{"start":{"line":5,"column":57},"end":{"line":5,"column":65}},"3":{"start":{"line":7,"column":2},"end":{"line":20,"column":3}},"4":{"start":{"line":8,"column":20},"end":{"line":14,"column":6}},"5":{"start":{"line":16,"column":27},"end":{"line":16,"column":47}},"6":{"start":{"line":17,"column":4},"end":{"line":17,"column":41}},"7":{"start":{"line":19,"column":4},"end":{"line":19,"column":53}},"8":{"start":{"line":24,"column":0},"end":{"line":38,"column":2}},"9":{"start":{"line":25,"column":21},"end":{"line":25,"column":30}},"10":{"start":{"line":26,"column":14},"end":{"line":26,"column":16}},"11":{"start":{"line":28,"column":2},"end":{"line":30,"column":3}},"12":{"start":{"line":29,"column":4},"end":{"line":29,"column":43}},"13":{"start":{"line":32,"column":2},"end":{"line":37,"column":3}},"14":{"start":{"line":33,"column":21},"end":{"line":33,"column":53}},"15":{"start":{"line":34,"column":4},"end":{"line":34,"column":23}},"16":{"start":{"line":36,"column":4},"end":{"line":36,"column":53}},"17":{"start":{"line":41,"column":0},"end":{"line":53,"column":2}},"18":{"start":{"line":42,"column":2},"end":{"line":52,"column":3}},"19":{"start":{"line":43,"column":20},"end":{"line":43,"column":64}},"20":{"start":{"line":45,"column":4},"end":{"line":49,"column":5}},"21":{"start":{"line":46,"column":6},"end":{"line":46,"column":24}},"22":{"start":{"line":48,"column":6},"end":{"line":48,"column":61}},"23":{"start":{"line":51,"column":4},"end":{"line":51,"column":53}},"24":{"start":{"line":56,"column":0},"end":{"line":77,"column":2}},"25":{"start":{"line":57,"column":57},"end":{"line":57,"column":65}},"26":{"start":{"line":59,"column":2},"end":{"line":76,"column":3}},"27":{"start":{"line":60,"column":20},"end":{"line":60,"column":57}},"28":{"start":{"line":62,"column":4},"end":{"line":73,"column":5}},"29":{"start":{"line":63,"column":6},"end":{"line":63,"column":42}},"30":{"start":{"line":64,"column":6},"end":{"line":64,"column":63}},"31":{"start":{"line":65,"column":6},"end":{"line":65,"column":45}},"32":{"start":{"line":66,"column":6},"end":{"line":66,"column":54}},"33":{"start":{"line":67,"column":6},"end":{"line":67,"column":48}},"34":{"start":{"line":69,"column":29},"end":{"line":69,"column":49}},"35":{"start":{"line":70,"column":6},"end":{"line":70,"column":31}},"36":{"start":{"line":72,"column":6},"end":{"line":72,"column":61}},"37":{"start":{"line":75,"column":4},"end":{"line":75,"column":53}},"38":{"start":{"line":80,"column":0},"end":{"line":93,"column":2}},"39":{"start":{"line":81,"column":2},"end":{"line":92,"column":3}},"40":{"start":{"line":82,"column":20},"end":{"line":82,"column":57}},"41":{"start":{"line":84,"column":4},"end":{"line":89,"column":5}},"42":{"start":{"line":85,"column":6},"end":{"line":85,"column":29}},"43":{"start":{"line":86,"column":6},"end":{"line":86,"column":47}},"44":{"start":{"line":88,"column":6},"end":{"line":88,"column":61}},"45":{"start":{"line":91,"column":4},"end":{"line":91,"column":53}}},"fnMap":{"0":{"name":"(anonymous_0)","decl":{"start":{"line":4,"column":24},"end":{"line":4,"column":25}},"loc":{"start":{"line":4,"column":44},"end":{"line":21,"column":1}},"line":4},"1":{"name":"(anonymous_1)","decl":{"start":{"line":24,"column":22},"end":{"line":24,"column":23}},"loc":{"start":{"line":24,"column":42},"end":{"line":38,"column":1}},"line":24},"2":{"name":"(anonymous_2)","decl":{"start":{"line":41,"column":25},"end":{"line":41,"column":26}},"loc":{"start":{"line":41,"column":45},"end":{"line":53,"column":1}},"line":41},"3":{"name":"(anonymous_3)","decl":{"start":{"line":56,"column":24},"end":{"line":56,"column":25}},"loc":{"start":{"line":56,"column":44},"end":{"line":77,"column":1}},"line":56},"4":{"name":"(anonymous_4)","decl":{"start":{"line":80,"column":24},"end":{"line":80,"column":25}},"loc":{"start":{"line":80,"column":44},"end":{"line":93,"column":1}},"line":80}},"branchMap":{"0":{"loc":{"start":{"line":28,"column":2},"end":{"line":30,"column":3}},"type":"if","locations":[{"start":{"line":28,"column":2},"end":{"line":30,"column":3}},{"start":{},"end":{}}],"line":28},"1":{"loc":{"start":{"line":45,"column":4},"end":{"line":49,"column":5}},"type":"if","locations":[{"start":{"line":45,"column":4},"end":{"line":49,"column":5}},{"start":{"line":47,"column":11},"end":{"line":49,"column":5}}],"line":45},"2":{"loc":{"start":{"line":62,"column":4},"end":{"line":73,"column":5}},"type":"if","locations":[{"start":{"line":62,"column":4},"end":{"line":73,"column":5}},{"start":{"line":71,"column":11},"end":{"line":73,"column":5}}],"line":62},"3":{"loc":{"start":{"line":63,"column":21},"end":{"line":63,"column":41}},"type":"binary-expr","locations":[{"start":{"line":63,"column":21},"end":{"line":63,"column":25}},{"start":{"line":63,"column":29},"end":{"line":63,"column":41}}],"line":63},"4":{"loc":{"start":{"line":64,"column":28},"end":{"line":64,"column":62}},"type":"binary-expr","locations":[{"start":{"line":64,"column":28},"end":{"line":64,"column":39}},{"start":{"line":64,"column":43},"end":{"line":64,"column":62}}],"line":64},"5":{"loc":{"start":{"line":65,"column":22},"end":{"line":65,"column":44}},"type":"binary-expr","locations":[{"start":{"line":65,"column":22},"end":{"line":65,"column":27}},{"start":{"line":65,"column":31},"end":{"line":65,"column":44}}],"line":65},"6":{"loc":{"start":{"line":66,"column":25},"end":{"line":66,"column":53}},"type":"binary-expr","locations":[{"start":{"line":66,"column":25},"end":{"line":66,"column":33}},{"start":{"line":66,"column":37},"end":{"line":66,"column":53}}],"line":66},"7":{"loc":{"start":{"line":67,"column":23},"end":{"line":67,"column":47}},"type":"binary-expr","locations":[{"start":{"line":67,"column":23},"end":{"line":67,"column":29}},{"start":{"line":67,"column":33},"end":{"line":67,"column":47}}],"line":67},"8":{"loc":{"start":{"line":84,"column":4},"end":{"line":89,"column":5}},"type":"if","locations":[{"start":{"line":84,"column":4},"end":{"line":89,"column":5}},{"start":{"line":87,"column":11},"end":{"line":89,"column":5}}],"line":84}},"s":{"0":4,"1":4,"2":0,"3":0,"4":0,"5":0,"6":0,"7":0,"8":4,"9":0,"10":0,"11":0,"12":0,"13":0,"14":0,"15":0,"16":0,"17":4,"18":1,"19":1,"20":1,"21":0,"22":1,"23":0,"24":4,"25":0,"26":0,"27":0,"28":0,"29":0,"30":0,"31":0,"32":0,"33":0,"34":0,"35":0,"36":0,"37":0,"38":4,"39":0,"40":0,"41":0,"42":0,"43":0,"44":0,"45":0},"f":{"0":0,"1":0,"2":1,"3":0,"4":0},"b":{"0":[0,0],"1":[0,1],"2":[0,0],"3":[0,0],"4":[0,0],"5":[0,0],"6":[0,0],"7":[0,0],"8":[0,0]},"_coverageSchema":"1a1c01bbd47fc00a2c39e90264f33305004495a9","hash":"a3b783d1b12bf75a5d4e1b5da9476b1d3061fe96"}
,"/Users/soumyarajeesh/Desktop/project330/UW-SimpleOnlineStore-project/controllers/userController.js": {"path":"/Users/soumyarajeesh/Desktop/project330/UW-SimpleOnlineStore-project/controllers/userController.js","statementMap":{"0":{"start":{"line":64,"column":13},"end":{"line":64,"column":38}},"1":{"start":{"line":66,"column":0},"end":{"line":77,"column":2}},"2":{"start":{"line":67,"column":2},"end":{"line":76,"column":3}},"3":{"start":{"line":68,"column":17},"end":{"line":68,"column":49}},"4":{"start":{"line":69,"column":4},"end":{"line":71,"column":5}},"5":{"start":{"line":70,"column":6},"end":{"line":70,"column":65}},"6":{"start":{"line":72,"column":4},"end":{"line":72,"column":19}},"7":{"start":{"line":74,"column":4},"end":{"line":74,"column":57}},"8":{"start":{"line":75,"column":4},"end":{"line":75,"column":54}},"9":{"start":{"line":79,"column":0},"end":{"line":98,"column":2}},"10":{"start":{"line":80,"column":2},"end":{"line":97,"column":3}},"11":{"start":{"line":81,"column":17},"end":{"line":81,"column":49}},"12":{"start":{"line":82,"column":4},"end":{"line":84,"column":5}},"13":{"start":{"line":83,"column":6},"end":{"line":83,"column":65}},"14":{"start":{"line":85,"column":4},"end":{"line":85,"column":43}},"15":{"start":{"line":86,"column":4},"end":{"line":86,"column":46}},"16":{"start":{"line":88,"column":4},"end":{"line":90,"column":5}},"17":{"start":{"line":89,"column":6},"end":{"line":89,"column":40}},"18":{"start":{"line":92,"column":24},"end":{"line":92,"column":41}},"19":{"start":{"line":93,"column":4},"end":{"line":93,"column":26}},"20":{"start":{"line":95,"column":4},"end":{"line":95,"column":57}},"21":{"start":{"line":96,"column":4},"end":{"line":96,"column":54}}},"fnMap":{"0":{"name":"(anonymous_0)","decl":{"start":{"line":66,"column":25},"end":{"line":66,"column":26}},"loc":{"start":{"line":66,"column":45},"end":{"line":77,"column":1}},"line":66},"1":{"name":"(anonymous_1)","decl":{"start":{"line":79,"column":28},"end":{"line":79,"column":29}},"loc":{"start":{"line":79,"column":48},"end":{"line":98,"column":1}},"line":79}},"branchMap":{"0":{"loc":{"start":{"line":69,"column":4},"end":{"line":71,"column":5}},"type":"if","locations":[{"start":{"line":69,"column":4},"end":{"line":71,"column":5}},{"start":{},"end":{}}],"line":69},"1":{"loc":{"start":{"line":82,"column":4},"end":{"line":84,"column":5}},"type":"if","locations":[{"start":{"line":82,"column":4},"end":{"line":84,"column":5}},{"start":{},"end":{}}],"line":82},"2":{"loc":{"start":{"line":85,"column":16},"end":{"line":85,"column":42}},"type":"binary-expr","locations":[{"start":{"line":85,"column":16},"end":{"line":85,"column":29}},{"start":{"line":85,"column":33},"end":{"line":85,"column":42}}],"line":85},"3":{"loc":{"start":{"line":86,"column":17},"end":{"line":86,"column":45}},"type":"binary-expr","locations":[{"start":{"line":86,"column":17},"end":{"line":86,"column":31}},{"start":{"line":86,"column":35},"end":{"line":86,"column":45}}],"line":86},"4":{"loc":{"start":{"line":88,"column":4},"end":{"line":90,"column":5}},"type":"if","locations":[{"start":{"line":88,"column":4},"end":{"line":90,"column":5}},{"start":{},"end":{}}],"line":88}},"s":{"0":4,"1":4,"2":0,"3":0,"4":0,"5":0,"6":0,"7":0,"8":0,"9":4,"10":1,"11":1,"12":0,"13":0,"14":0,"15":0,"16":0,"17":0,"18":0,"19":0,"20":1,"21":1},"f":{"0":0,"1":1},"b":{"0":[0,0],"1":[0,0],"2":[0,0],"3":[0,0],"4":[0,0]},"_coverageSchema":"1a1c01bbd47fc00a2c39e90264f33305004495a9","hash":"53363d1a8a110720301d806ba55ae505dca762ee"}
,"/Users/soumyarajeesh/Desktop/project330/UW-SimpleOnlineStore-project/middleware/authMiddleware.js": {"path":"/Users/soumyarajeesh/Desktop/project330/UW-SimpleOnlineStore-project/middleware/authMiddleware.js","statementMap":{"0":{"start":{"line":70,"column":12},"end":{"line":70,"column":35}},"1":{"start":{"line":71,"column":13},"end":{"line":71,"column":38}},"2":{"start":{"line":73,"column":16},"end":{"line":91,"column":1}},"3":{"start":{"line":76,"column":2},"end":{"line":86,"column":3}},"4":{"start":{"line":77,"column":4},"end":{"line":85,"column":5}},"5":{"start":{"line":78,"column":6},"end":{"line":78,"column":54}},"6":{"start":{"line":79,"column":22},"end":{"line":79,"column":63}},"7":{"start":{"line":80,"column":6},"end":{"line":80,"column":69}},"8":{"start":{"line":81,"column":6},"end":{"line":81,"column":13}},"9":{"start":{"line":83,"column":6},"end":{"line":83,"column":27}},"10":{"start":{"line":84,"column":6},"end":{"line":84,"column":72}},"11":{"start":{"line":88,"column":2},"end":{"line":90,"column":3}},"12":{"start":{"line":89,"column":4},"end":{"line":89,"column":66}},"13":{"start":{"line":93,"column":14},"end":{"line":99,"column":1}},"14":{"start":{"line":94,"column":2},"end":{"line":98,"column":3}},"15":{"start":{"line":95,"column":4},"end":{"line":95,"column":11}},"16":{"start":{"line":97,"column":4},"end":{"line":97,"column":68}},"17":{"start":{"line":101,"column":0},"end":{"line":101,"column":36}}},"fnMap":{"0":{"name":"(anonymous_0)","decl":{"start":{"line":73,"column":16},"end":{"line":73,"column":17}},"loc":{"start":{"line":73,"column":42},"end":{"line":91,"column":1}},"line":73},"1":{"name":"(anonymous_1)","decl":{"start":{"line":93,"column":14},"end":{"line":93,"column":15}},"loc":{"start":{"line":93,"column":34},"end":{"line":99,"column":1}},"line":93}},"branchMap":{"0":{"loc":{"start":{"line":76,"column":2},"end":{"line":86,"column":3}},"type":"if","locations":[{"start":{"line":76,"column":2},"end":{"line":86,"column":3}},{"start":{},"end":{}}],"line":76},"1":{"loc":{"start":{"line":76,"column":6},"end":{"line":76,"column":81}},"type":"binary-expr","locations":[{"start":{"line":76,"column":6},"end":{"line":76,"column":31}},{"start":{"line":76,"column":35},"end":{"line":76,"column":81}}],"line":76},"2":{"loc":{"start":{"line":88,"column":2},"end":{"line":90,"column":3}},"type":"if","locations":[{"start":{"line":88,"column":2},"end":{"line":90,"column":3}},{"start":{},"end":{}}],"line":88},"3":{"loc":{"start":{"line":94,"column":2},"end":{"line":98,"column":3}},"type":"if","locations":[{"start":{"line":94,"column":2},"end":{"line":98,"column":3}},{"start":{"line":96,"column":9},"end":{"line":98,"column":3}}],"line":94},"4":{"loc":{"start":{"line":94,"column":6},"end":{"line":94,"column":43}},"type":"binary-expr","locations":[{"start":{"line":94,"column":6},"end":{"line":94,"column":14}},{"start":{"line":94,"column":18},"end":{"line":94,"column":43}}],"line":94}},"s":{"0":4,"1":4,"2":4,"3":6,"4":5,"5":5,"6":5,"7":5,"8":5,"9":0,"10":0,"11":6,"12":1,"13":4,"14":2,"15":0,"16":2,"17":4},"f":{"0":6,"1":2},"b":{"0":[5,1],"1":[6,5],"2":[1,5],"3":[0,2],"4":[2,0]},"_coverageSchema":"1a1c01bbd47fc00a2c39e90264f33305004495a9","hash":"5eec122196baad390ac788a1721ad9dd922a1577"}
,"/Users/soumyarajeesh/Desktop/project330/UW-SimpleOnlineStore-project/models/order.js": {"path":"/Users/soumyarajeesh/Desktop/project330/UW-SimpleOnlineStore-project/models/order.js","statementMap":{"0":{"start":{"line":3,"column":17},"end":{"line":3,"column":36}},"1":{"start":{"line":5,"column":20},"end":{"line":39,"column":2}},"2":{"start":{"line":41,"column":0},"end":{"line":41,"column":54}}},"fnMap":{},"branchMap":{},"s":{"0":4,"1":4,"2":4},"f":{},"b":{},"_coverageSchema":"1a1c01bbd47fc00a2c39e90264f33305004495a9","hash":"bc6c6e7af3972991bdd45488b0fbfd3cf4d57ce7"}
,"/Users/soumyarajeesh/Desktop/project330/UW-SimpleOnlineStore-project/models/product.js": {"path":"/Users/soumyarajeesh/Desktop/project330/UW-SimpleOnlineStore-project/models/product.js","statementMap":{"0":{"start":{"line":1,"column":17},"end":{"line":1,"column":36}},"1":{"start":{"line":3,"column":22},"end":{"line":24,"column":2}},"2":{"start":{"line":26,"column":16},"end":{"line":26,"column":56}},"3":{"start":{"line":28,"column":0},"end":{"line":28,"column":25}}},"fnMap":{},"branchMap":{},"s":{"0":4,"1":4,"2":4,"3":4},"f":{},"b":{},"_coverageSchema":"1a1c01bbd47fc00a2c39e90264f33305004495a9","hash":"d5b698bd07f25c52eb36b464fab5252ba89a3307"}
,"/Users/soumyarajeesh/Desktop/project330/UW-SimpleOnlineStore-project/models/user.js": {"path":"/Users/soumyarajeesh/Desktop/project330/UW-SimpleOnlineStore-project/models/user.js","statementMap":{"0":{"start":{"line":1,"column":17},"end":{"line":1,"column":36}},"1":{"start":{"line":3,"column":19},"end":{"line":17,"column":2}},"2":{"start":{"line":19,"column":13},"end":{"line":19,"column":47}},"3":{"start":{"line":21,"column":0},"end":{"line":21,"column":22}}},"fnMap":{},"branchMap":{},"s":{"0":4,"1":4,"2":4,"3":4},"f":{},"b":{},"_coverageSchema":"1a1c01bbd47fc00a2c39e90264f33305004495a9","hash":"2b9ea2cf2fb3b48cd930cbe330d2f10e6085c9c3"}
,"/Users/soumyarajeesh/Desktop/project330/UW-SimpleOnlineStore-project/routes/auth.js": {"path":"/Users/soumyarajeesh/Desktop/project330/UW-SimpleOnlineStore-project/routes/auth.js","statementMap":{"0":{"start":{"line":1,"column":16},"end":{"line":1,"column":34}},"1":{"start":{"line":2,"column":36},"end":{"line":2,"column":76}},"2":{"start":{"line":4,"column":15},"end":{"line":4,"column":31}},"3":{"start":{"line":7,"column":0},"end":{"line":7,"column":39}},"4":{"start":{"line":10,"column":0},"end":{"line":10,"column":33}},"5":{"start":{"line":12,"column":0},"end":{"line":12,"column":24}}},"fnMap":{},"branchMap":{},"s":{"0":4,"1":4,"2":4,"3":4,"4":4,"5":4},"f":{},"b":{},"_coverageSchema":"1a1c01bbd47fc00a2c39e90264f33305004495a9","hash":"2ad7e609e2e0344967d0585039d5f32998b8bdf4"}
,"/Users/soumyarajeesh/Desktop/project330/UW-SimpleOnlineStore-project/routes/orders.js": {"path":"/Users/soumyarajeesh/Desktop/project330/UW-SimpleOnlineStore-project/routes/orders.js","statementMap":{"0":{"start":{"line":1,"column":16},"end":{"line":1,"column":34}},"1":{"start":{"line":9,"column":4},"end":{"line":9,"column":45}},"2":{"start":{"line":10,"column":20},"end":{"line":10,"column":59}},"3":{"start":{"line":11,"column":15},"end":{"line":11,"column":31}},"4":{"start":{"line":14,"column":0},"end":{"line":16,"column":27}},"5":{"start":{"line":18,"column":0},"end":{"line":19,"column":32}},"6":{"start":{"line":21,"column":0},"end":{"line":24,"column":32}},"7":{"start":{"line":26,"column":0},"end":{"line":26,"column":24}}},"fnMap":{},"branchMap":{},"s":{"0":4,"1":4,"2":4,"3":4,"4":4,"5":4,"6":4,"7":4},"f":{},"b":{},"_coverageSchema":"1a1c01bbd47fc00a2c39e90264f33305004495a9","hash":"6c430982c4cef39ef355d4294d3f0ef298210350"}
,"/Users/soumyarajeesh/Desktop/project330/UW-SimpleOnlineStore-project/routes/products.js": {"path":"/Users/soumyarajeesh/Desktop/project330/UW-SimpleOnlineStore-project/routes/products.js","statementMap":{"0":{"start":{"line":1,"column":16},"end":{"line":1,"column":34}},"1":{"start":{"line":2,"column":15},"end":{"line":2,"column":31}},"2":{"start":{"line":3,"column":27},"end":{"line":3,"column":66}},"3":{"start":{"line":10,"column":4},"end":{"line":10,"column":47}},"4":{"start":{"line":12,"column":0},"end":{"line":14,"column":20}},"5":{"start":{"line":16,"column":0},"end":{"line":19,"column":41}},"6":{"start":{"line":21,"column":0},"end":{"line":21,"column":24}}},"fnMap":{},"branchMap":{},"s":{"0":4,"1":4,"2":4,"3":4,"4":4,"5":4,"6":4},"f":{},"b":{},"_coverageSchema":"1a1c01bbd47fc00a2c39e90264f33305004495a9","hash":"275142af90e581bb6ce1d68f6093c9a46166b2e7"}
,"/Users/soumyarajeesh/Desktop/project330/UW-SimpleOnlineStore-project/routes/users.js": {"path":"/Users/soumyarajeesh/Desktop/project330/UW-SimpleOnlineStore-project/routes/users.js","statementMap":{"0":{"start":{"line":1,"column":16},"end":{"line":1,"column":34}},"1":{"start":{"line":2,"column":20},"end":{"line":2,"column":59}},"2":{"start":{"line":3,"column":46},"end":{"line":3,"column":86}},"3":{"start":{"line":5,"column":15},"end":{"line":5,"column":31}},"4":{"start":{"line":7,"column":0},"end":{"line":9,"column":35}},"5":{"start":{"line":11,"column":0},"end":{"line":11,"column":24}}},"fnMap":{},"branchMap":{},"s":{"0":4,"1":4,"2":4,"3":4,"4":4,"5":4},"f":{},"b":{},"_coverageSchema":"1a1c01bbd47fc00a2c39e90264f33305004495a9","hash":"04d75b4235d55b4a2f5c70cebb25ec6f18bac435"}
}
