TN:
SF:server.js
FN:29,(anonymous_0)
FN:42,(anonymous_1)
FNF:2
FNH:1
FNDA:0,(anonymous_0)
FNDA:1,(anonymous_1)
DA:1,4
DA:2,4
DA:3,4
DA:4,4
DA:7,4
DA:10,4
DA:13,4
DA:16,4
DA:19,4
DA:22,4
DA:23,4
DA:24,4
DA:25,4
DA:29,4
DA:30,0
DA:34,4
DA:35,4
DA:36,4
DA:37,4
DA:40,4
DA:42,4
DA:43,1
DA:46,4
LF:23
LH:22
BRDA:40,0,0,4
BRDA:40,0,1,0
BRF:2
BRH:1
end_of_record
TN:
SF:test-utils.js
FN:6,(anonymous_0)
FN:15,(anonymous_1)
FN:21,(anonymous_2)
FN:29,(anonymous_3)
FN:30,(anonymous_4)
FN:31,(anonymous_5)
FN:38,(anonymous_6)
FN:39,(anonymous_7)
FN:41,(anonymous_8)
FNF:9
FNH:9
FNDA:4,(anonymous_0)
FNDA:4,(anonymous_1)
FNDA:30,(anonymous_2)
FNDA:17,(anonymous_3)
FNDA:17,(anonymous_4)
FNDA:17,(anonymous_5)
FNDA:17,(anonymous_6)
FNDA:17,(anonymous_7)
FNDA:17,(anonymous_8)
DA:1,4
DA:2,4
DA:6,4
DA:7,4
DA:8,0
DA:15,4
DA:16,4
DA:17,4
DA:21,4
DA:22,30
DA:23,30
DA:24,90
DA:25,90
DA:29,4
DA:30,17
DA:31,17
DA:32,17
DA:33,17
DA:38,4
DA:39,17
DA:40,17
DA:41,17
DA:42,17
DA:43,17
DA:44,17
DA:47,0
DA:52,4
LF:27
LH:25
BRDA:7,0,0,0
BRDA:7,0,1,4
BRDA:16,1,0,4
BRDA:16,1,1,0
BRDA:40,2,0,17
BRDA:40,2,1,0
BRDA:42,3,0,0
BRDA:42,3,1,17
BRF:8
BRH:4
end_of_record
TN:
SF:config/db.js
FN:10,(anonymous_0)
FNF:1
FNH:1
FNDA:4,(anonymous_0)
DA:2,4
DA:3,4
DA:6,4
DA:7,4
DA:8,4
DA:10,4
DA:11,4
DA:12,4
DA:13,4
DA:14,4
DA:16,0
DA:17,0
DA:21,4
LF:13
LH:11
BRF:0
BRH:0
end_of_record
TN:
SF:controllers/authController.js
FN:5,(anonymous_0)
FN:11,(anonymous_1)
FN:29,(anonymous_2)
FNF:3
FNH:3
FNDA:8,(anonymous_0)
FNDA:1,(anonymous_1)
FNDA:11,(anonymous_2)
DA:1,4
DA:2,4
DA:3,4
DA:5,4
DA:6,8
DA:11,4
DA:12,1
DA:13,1
DA:14,1
DA:15,1
DA:16,0
DA:19,1
DA:20,1
DA:22,0
DA:23,0
DA:25,1
DA:29,4
DA:30,11
DA:31,11
DA:32,11
DA:33,11
DA:34,8
DA:35,8
DA:37,3
DA:40,0
LF:25
LH:21
BRDA:15,0,0,0
BRDA:15,0,1,1
BRDA:33,1,0,8
BRDA:33,1,1,3
BRDA:33,2,0,11
BRDA:33,2,1,8
BRF:6
BRH:5
end_of_record
TN:
SF:controllers/orderController.js
FN:4,(anonymous_0)
FN:23,(anonymous_1)
FN:33,(anonymous_2)
FN:48,(anonymous_3)
FN:68,(anonymous_4)
FN:84,(anonymous_5)
FNF:6
FNH:2
FNDA:0,(anonymous_0)
FNDA:0,(anonymous_1)
FNDA:0,(anonymous_2)
FNDA:1,(anonymous_3)
FNDA:1,(anonymous_4)
FNDA:0,(anonymous_5)
DA:1,4
DA:4,4
DA:5,0
DA:7,0
DA:8,0
DA:15,0
DA:16,0
DA:18,0
DA:23,4
DA:24,0
DA:25,0
DA:26,0
DA:28,0
DA:33,4
DA:34,0
DA:35,0
DA:37,0
DA:38,0
DA:40,0
DA:43,0
DA:48,4
DA:49,1
DA:51,1
DA:52,1
DA:54,1
DA:55,0
DA:56,0
DA:57,0
DA:59,0
DA:60,0
DA:62,0
DA:65,1
DA:68,4
DA:69,1
DA:70,1
DA:71,1
DA:72,1
DA:73,0
DA:74,0
DA:76,1
DA:78,0
DA:79,0
DA:84,4
DA:85,0
DA:86,0
DA:87,0
DA:97,0
DA:106,0
DA:115,0
DA:116,0
DA:118,0
LF:51
LH:17
BRDA:37,0,0,0
BRDA:37,0,1,0
BRDA:37,1,0,0
BRDA:37,1,1,0
BRDA:54,2,0,0
BRDA:54,2,1,0
BRDA:54,3,0,1
BRDA:54,3,1,1
BRDA:55,4,0,0
BRDA:55,4,1,0
BRDA:56,5,0,0
BRDA:56,5,1,0
BRDA:57,6,0,0
BRDA:57,6,1,0
BRDA:72,7,0,0
BRDA:72,7,1,1
BRF:16
BRH:3
end_of_record
TN:
SF:controllers/productController.js
FN:4,(anonymous_0)
FN:24,(anonymous_1)
FN:41,(anonymous_2)
FN:56,(anonymous_3)
FN:80,(anonymous_4)
FNF:5
FNH:1
FNDA:0,(anonymous_0)
FNDA:0,(anonymous_1)
FNDA:1,(anonymous_2)
FNDA:0,(anonymous_3)
FNDA:0,(anonymous_4)
DA:1,4
DA:4,4
DA:5,0
DA:7,0
DA:8,0
DA:16,0
DA:17,0
DA:19,0
DA:24,4
DA:25,0
DA:26,0
DA:28,0
DA:29,0
DA:32,0
DA:33,0
DA:34,0
DA:36,0
DA:41,4
DA:42,1
DA:43,1
DA:45,1
DA:46,0
DA:48,1
DA:51,0
DA:56,4
DA:57,0
DA:59,0
DA:60,0
DA:62,0
DA:63,0
DA:64,0
DA:65,0
DA:66,0
DA:67,0
DA:69,0
DA:70,0
DA:72,0
DA:75,0
DA:80,4
DA:81,0
DA:82,0
DA:84,0
DA:85,0
DA:86,0
DA:88,0
DA:91,0
LF:46
LH:10
BRDA:28,0,0,0
BRDA:28,0,1,0
BRDA:45,1,0,0
BRDA:45,1,1,1
BRDA:62,2,0,0
BRDA:62,2,1,0
BRDA:63,3,0,0
BRDA:63,3,1,0
BRDA:64,4,0,0
BRDA:64,4,1,0
BRDA:65,5,0,0
BRDA:65,5,1,0
BRDA:66,6,0,0
BRDA:66,6,1,0
BRDA:67,7,0,0
BRDA:67,7,1,0
BRDA:84,8,0,0
BRDA:84,8,1,0
BRF:18
BRH:1
end_of_record
TN:
SF:controllers/userController.js
FN:66,(anonymous_0)
FN:79,(anonymous_1)
FNF:2
FNH:1
FNDA:0,(anonymous_0)
FNDA:1,(anonymous_1)
DA:64,4
DA:66,4
DA:67,0
DA:68,0
DA:69,0
DA:70,0
DA:72,0
DA:74,0
DA:75,0
DA:79,4
DA:80,1
DA:81,1
DA:82,0
DA:83,0
DA:85,0
DA:86,0
DA:88,0
DA:89,0
DA:92,0
DA:93,0
DA:95,1
DA:96,1
LF:22
LH:7
BRDA:69,0,0,0
BRDA:69,0,1,0
BRDA:82,1,0,0
BRDA:82,1,1,0
BRDA:85,2,0,0
BRDA:85,2,1,0
BRDA:86,3,0,0
BRDA:86,3,1,0
BRDA:88,4,0,0
BRDA:88,4,1,0
BRF:10
BRH:0
end_of_record
TN:
SF:middleware/authMiddleware.js
FN:73,(anonymous_0)
FN:93,(anonymous_1)
FNF:2
FNH:2
FNDA:6,(anonymous_0)
FNDA:2,(anonymous_1)
DA:70,4
DA:71,4
DA:73,4
DA:76,6
DA:77,5
DA:78,5
DA:79,5
DA:80,5
DA:81,5
DA:83,0
DA:84,0
DA:88,6
DA:89,1
DA:93,4
DA:94,2
DA:95,0
DA:97,2
DA:101,4
LF:18
LH:15
BRDA:76,0,0,5
BRDA:76,0,1,1
BRDA:76,1,0,6
BRDA:76,1,1,5
BRDA:88,2,0,1
BRDA:88,2,1,5
BRDA:94,3,0,0
BRDA:94,3,1,2
BRDA:94,4,0,2
BRDA:94,4,1,0
BRF:10
BRH:8
end_of_record
TN:
SF:models/order.js
FNF:0
FNH:0
DA:3,4
DA:5,4
DA:41,4
LF:3
LH:3
BRF:0
BRH:0
end_of_record
TN:
SF:models/product.js
FNF:0
FNH:0
DA:1,4
DA:3,4
DA:26,4
DA:28,4
LF:4
LH:4
BRF:0
BRH:0
end_of_record
TN:
SF:models/user.js
FNF:0
FNH:0
DA:1,4
DA:3,4
DA:19,4
DA:21,4
LF:4
LH:4
BRF:0
BRH:0
end_of_record
TN:
SF:routes/auth.js
FNF:0
FNH:0
DA:1,4
DA:2,4
DA:4,4
DA:7,4
DA:10,4
DA:12,4
LF:6
LH:6
BRF:0
BRH:0
end_of_record
TN:
SF:routes/orders.js
FNF:0
FNH:0
DA:1,4
DA:9,4
DA:10,4
DA:11,4
DA:14,4
DA:18,4
DA:21,4
DA:26,4
LF:8
LH:8
BRF:0
BRH:0
end_of_record
TN:
SF:routes/products.js
FNF:0
FNH:0
DA:1,4
DA:2,4
DA:3,4
DA:10,4
DA:12,4
DA:16,4
DA:21,4
LF:7
LH:7
BRF:0
BRH:0
end_of_record
TN:
SF:routes/users.js
FNF:0
FNH:0
DA:1,4
DA:2,4
DA:3,4
DA:5,4
DA:7,4
DA:11,4
LF:6
LH:6
BRF:0
BRH:0
end_of_record
